<?xml version="1.0" encoding="UTF-8"?>
<beans xmlns="http://www.springframework.org/schema/beans" xmlns:xsi="http://www.w3.org/2001/XMLSchema-instance"
  xmlns:aop="http://www.springframework.org/schema/aop"
  xsi:schemaLocation="http://www.springframework.org/schema/beans https://www.springframework.org/schema/beans/spring-beans.xsd
  http://www.springframework.org/schema/aop https://www.springframework.org/schema/aop/spring-aop.xsd">

  <import resource="classpath:META-INF/spring/domain.xml" />

  <bean class="org.springframework.jdbc.core.JdbcTemplate">
    <property name="dataSource" ref="dataSource" />
  </bean>

  <aop:aspectj-autoproxy />

</beans>
